Build started 9/7/2021 3:19:27 PM.
     1>Project "D:\20202\Lap tring mang\Project\final\network-programing\Client\Client.vcxproj" on node 3 (Rebuild target(s)).
     1>ClCompile:
         C:\Program Files (x86)\Microsoft Visual Studio 14.0\VC\bin\CL.exe /c /ZI /nologo /W3 /WX- /sdl /Od /Oy- /D WIN32 /D _DEBUG /D _CONSOLE /D _UNICODE /D UNICODE /Gm /EHsc /RTC1 /MDd /GS /fp:precise /Zc:wchar_t /Zc:forScope /Zc:inline /Yc"stdafx.h" /Fp"Debug\Client.pch" /Fo"Debug\\" /Fd"Debug\vc140.pdb" /Gd /TP /analyze- /errorReport:prompt stdafx.cpp
         stdafx.cpp
         C:\Program Files (x86)\Microsoft Visual Studio 14.0\VC\bin\CL.exe /c /ZI /nologo /W3 /WX- /sdl /Od /Oy- /D WIN32 /D _DEBUG /D _CONSOLE /D _UNICODE /D UNICODE /Gm /EHsc /RTC1 /MDd /GS /fp:precise /Zc:wchar_t /Zc:forScope /Zc:inline /Yu"stdafx.h" /Fp"Debug\Client.pch" /Fo"Debug\\" /Fd"Debug\vc140.pdb" /Gd /TP /analyze- /errorReport:prompt Client.cpp
         Client.cpp
     1>d:\20202\lap tring mang\project\final\network-programing\client\utils.h(182): warning C4101: 'i': unreferenced local variable
     1>d:\20202\lap tring mang\project\final\network-programing\client\utils.h(249): warning C4101: 'ex': unreferenced local variable
     1>d:\20202\lap tring mang\project\final\network-programing\client\utils.h(255): warning C4101: 'ex': unreferenced local variable
     1>d:\20202\lap tring mang\project\final\network-programing\client\client_utils.h(90): warning C4018: '<': signed/unsigned mismatch
     1>d:\20202\lap tring mang\project\final\network-programing\client\client_utils.h(111): warning C4018: '<': signed/unsigned mismatch
     1>d:\20202\lap tring mang\project\final\network-programing\client\client_module.h(22): warning C4101: 'clientIP': unreferenced local variable
     1>d:\20202\lap tring mang\project\final\network-programing\client\client_module.h(23): warning C4101: 'clientPort': unreferenced local variable
     1>d:\20202\lap tring mang\project\final\network-programing\client\client.cpp(595): warning C4101: 'ret': unreferenced local variable
     1>d:\20202\lap tring mang\project\final\network-programing\client\client.cpp(650): warning C4018: '<': signed/unsigned mismatch
     1>d:\20202\lap tring mang\project\final\network-programing\client\client.cpp(681): warning C4018: '<': signed/unsigned mismatch
       Link:
         C:\Program Files (x86)\Microsoft Visual Studio 14.0\VC\bin\link.exe /ERRORREPORT:PROMPT /OUT:"D:\20202\Lap tring mang\Project\final\network-programing\Debug\Client.exe" /INCREMENTAL /NOLOGO kernel32.lib user32.lib gdi32.lib winspool.lib comdlg32.lib advapi32.lib shell32.lib ole32.lib oleaut32.lib uuid.lib odbc32.lib odbccp32.lib /MANIFEST /MANIFESTUAC:"level='asInvoker' uiAccess='false'" /manifest:embed /Debug /PDB:"D:\20202\Lap tring mang\Project\final\network-programing\Debug\Client.pdb" /SUBSYSTEM:CONSOLE /TLBID:1 /DYNAMICBASE /NXCOMPAT /IMPLIB:"D:\20202\Lap tring mang\Project\final\network-programing\Debug\Client.lib" /MACHINE:X86 Debug\Client.obj
         Debug\stdafx.obj
         Client.vcxproj -> D:\20202\Lap tring mang\Project\final\network-programing\Debug\Client.exe
     1>Done Building Project "D:\20202\Lap tring mang\Project\final\network-programing\Client\Client.vcxproj" (Rebuild target(s)).

Build succeeded.

Time Elapsed 00:00:06.29
