d:\20202\program\network programing\project\server\debug\server.pch
d:\20202\program\network programing\project\server\debug\vc140.pdb
d:\20202\program\network programing\project\server\debug\vc140.idb
d:\20202\program\network programing\project\server\debug\stdafx.obj
d:\20202\program\network programing\project\server\debug\server.obj
d:\20202\program\network programing\project\debug\server.pdb
d:\20202\program\network programing\project\server\debug\server.tlog\cl.command.1.tlog
d:\20202\program\network programing\project\server\debug\server.tlog\cl.read.1.tlog
d:\20202\program\network programing\project\server\debug\server.tlog\cl.write.1.tlog
d:\20202\program\network programing\project\server\debug\server.tlog\link-cvtres.read.1.tlog
d:\20202\program\network programing\project\server\debug\server.tlog\link-cvtres.write.1.tlog
d:\20202\program\network programing\project\server\debug\server.tlog\link-rc.read.1.tlog
d:\20202\program\network programing\project\server\debug\server.tlog\link-rc.write.1.tlog
d:\20202\program\network programing\project\server\debug\server.tlog\link.1296-cvtres.read.1.tlog
d:\20202\program\network programing\project\server\debug\server.tlog\link.1296-cvtres.write.1.tlog
d:\20202\program\network programing\project\server\debug\server.tlog\link.1296-rc.read.1.tlog
d:\20202\program\network programing\project\server\debug\server.tlog\link.1296-rc.write.1.tlog
d:\20202\program\network programing\project\server\debug\server.tlog\link.1296.read.1.tlog
d:\20202\program\network programing\project\server\debug\server.tlog\link.1296.write.1.tlog
d:\20202\program\network programing\project\server\debug\server.tlog\link.command.1.tlog
d:\20202\program\network programing\project\server\debug\server.tlog\link.read.1.tlog
d:\20202\program\network programing\project\server\debug\server.tlog\link.write.1.tlog
